<?xml version="1.0" encoding="UTF-8"?>
<testng-results ignored="0" total="1" passed="1" failed="0" skipped="0">
  <reporter-output>
  </reporter-output>
  <suite started-at="2026-08-23T15:07:49 IST" name="Default suite" finished-at="2026-08-23T15:08:09 IST" duration-ms="19690">
    <groups>
    </groups>
    <test started-at="2026-08-23T15:07:49 IST" name="Default test" finished-at="2026-08-23T15:08:09 IST" duration-ms="19690">
      <class name="Day8.CreateBook">
        <test-method signature="testCreateBook()[pri:1, instance:Day8.CreateBook@671a5887]" started-at="2026-08-23T15:07:50 IST" name="testCreateBook" finished-at="2026-08-23T15:08:06 IST" duration-ms="16043" status="PASS">
          <reporter-output>
          </reporter-output>
        </test-method> <!-- testCreateBook -->
        <test-method is-config="true" signature="runRemainingChain()[pri:0, instance:Day8.CreateBook@671a5887]" started-at="2026-08-23T15:08:06 IST" name="runRemainingChain" finished-at="2026-08-23T15:08:09 IST" duration-ms="3441" status="PASS">
          <reporter-output>
          </reporter-output>
        </test-method> <!-- runRemainingChain -->
      </class> <!-- Day8.CreateBook -->
    </test> <!-- Default test -->
  </suite> <!-- Default suite -->
</testng-results>
