<?xml version="1.0" encoding="UTF-8"?>
<testng-results ignored="0" total="1" passed="1" failed="0" skipped="0">
  <reporter-output>
  </reporter-output>
  <suite started-at="2026-08-20T21:07:17 IST" name="Default suite" finished-at="2026-08-20T21:07:37 IST" duration-ms="19845">
    <groups>
    </groups>
    <test started-at="2026-08-20T21:07:17 IST" name="Default test" finished-at="2026-08-20T21:07:37 IST" duration-ms="19845">
      <class name="Day2.PostRequestBody">
        <test-method signature="testpostusingHashMap()[pri:0, instance:Day2.PostRequestBody@11fc564b]" started-at="2026-08-20T21:07:17 IST" name="testpostusingHashMap" finished-at="2026-08-20T21:07:36 IST" duration-ms="19622" status="PASS">
          <reporter-output>
          </reporter-output>
        </test-method> <!-- testpostusingHashMap -->
      </class> <!-- Day2.PostRequestBody -->
    </test> <!-- Default test -->
  </suite> <!-- Default suite -->
</testng-results>
