<?xml version="1.0" encoding="UTF-8"?>
<!-- Generated by org.testng.reporters.JUnitReportReporter -->
<testsuite hostname="DESKTOP-S0FNFI7" failures="0" tests="4" name="Day1.updateuser" time="15.875" errors="0" timestamp="2026-08-20T19:43:51 IST" skipped="0">
  <testcase classname="Day1.updateuser" name="getUser" time="11.785"/>
  <testcase classname="Day1.updateuser" name="createuser" time="2.407"/>
  <testcase classname="Day1.updateuser" name="updateUser" time="0.908"/>
  <testcase classname="Day1.updateuser" name="deleteUser" time="0.775"/>
</testsuite> <!-- Day1.updateuser -->
