<?xml version="1.0" encoding="UTF-8"?>
<!-- Generated by org.testng.reporters.JUnitReportReporter -->
<testsuite hostname="DESKTOP-S0FNFI7" failures="0" tests="5" name="Day7.Authentication" time="20.717" errors="0" timestamp="2026-08-23T14:27:06 IST" skipped="0">
  <testcase classname="Day7.Authentication" name="testbasicAuthencation" time="9.479"/>
  <testcase classname="Day7.Authentication" name="testdigest" time="0.912"/>
  <testcase classname="Day7.Authentication" name="testpreemtive" time="0.786"/>
  <testcase classname="Day7.Authentication" name="testBearerTokenAuthentication" time="3.100"/>
  <testcase classname="Day7.Authentication" name="testApiKeyAsQueryParam" time="6.440"/>
</testsuite> <!-- Day7.Authentication -->
