<?xml version="1.0" encoding="UTF-8"?>
<!-- Generated by org.testng.reporters.JUnitReportReporter -->
<testsuite hostname="DESKTOP-S0FNFI7" failures="0" tests="4" name="Day1.deleteuser" time="15.960" errors="0" timestamp="2026-08-22T09:19:08 IST" skipped="0">
  <testcase classname="Day1.deleteuser" name="getUser" time="11.634"/>
  <testcase classname="Day1.deleteuser" name="createuser" time="2.667"/>
  <testcase classname="Day1.deleteuser" name="updateUser" time="0.773"/>
  <testcase classname="Day1.deleteuser" name="deleteUser" time="0.886"/>
</testsuite> <!-- Day1.deleteuser -->
